<?xml version="1.0" encoding="UTF-8"?>
<!-- Generated by org.testng.reporters.JUnitReportReporter -->
<testsuite skipped="0" hostname="DESKTOP-1METE6J" name="testRunner.TMEWebTestsRunner" tests="1" failures="0" timestamp="26 Nov 2020 09:55:29 GMT" time="38.913" errors="0">
  <testcase name="feature" time="38.913" classname="testRunner.TMEWebTestsRunner"/>
</testsuite> <!-- testRunner.TMEWebTestsRunner -->
